{"name":"hexo","hostname":"localhost","pid":6491,"level":20,"msg":"Hexo version: \u001b[35m3.2.2\u001b[39m","time":"2016-10-08T07:57:53.555Z","v":0}
{"name":"hexo","hostname":"localhost","pid":6491,"level":20,"msg":"Working directory: \u001b[35m~/Documents/gaojian/blog/\u001b[39m","time":"2016-10-08T07:57:53.558Z","v":0}
{"name":"hexo","hostname":"localhost","pid":6491,"level":20,"msg":"Config loaded: \u001b[35m~/Documents/gaojian/blog/_config.yml\u001b[39m","time":"2016-10-08T07:57:53.625Z","v":0}
{"name":"hexo","hostname":"localhost","pid":6491,"level":20,"msg":"Script loaded: \u001b[35mthemes/next/scripts/merge-configs.js\u001b[39m","time":"2016-10-08T07:57:53.637Z","v":0}
{"name":"hexo","hostname":"localhost","pid":6491,"level":20,"msg":"Script loaded: \u001b[35mthemes/next/scripts/tags/center-quote.js\u001b[39m","time":"2016-10-08T07:57:53.637Z","v":0}
{"name":"hexo","hostname":"localhost","pid":6491,"level":20,"msg":"Script loaded: \u001b[35mthemes/next/scripts/tags/full-image.js\u001b[39m","time":"2016-10-08T07:57:53.638Z","v":0}
{"name":"hexo","hostname":"localhost","pid":6491,"level":20,"msg":"Script loaded: \u001b[35mthemes/next/scripts/tags/group-pictures.js\u001b[39m","time":"2016-10-08T07:57:53.638Z","v":0}
{"name":"hexo","hostname":"localhost","pid":6491,"level":20,"msg":"Plugin loaded: \u001b[35mhexo-deployer-git\u001b[39m","time":"2016-10-08T07:57:53.819Z","v":0}
{"name":"hexo","hostname":"localhost","pid":6491,"level":20,"msg":"Plugin loaded: \u001b[35mhexo-generator-archive\u001b[39m","time":"2016-10-08T07:57:53.821Z","v":0}
{"name":"hexo","hostname":"localhost","pid":6491,"level":20,"msg":"Plugin loaded: \u001b[35mhexo-generator-category\u001b[39m","time":"2016-10-08T07:57:53.823Z","v":0}
{"name":"hexo","hostname":"localhost","pid":6491,"level":20,"msg":"Plugin loaded: \u001b[35mhexo-generator-feed\u001b[39m","time":"2016-10-08T07:57:53.922Z","v":0}
{"name":"hexo","hostname":"localhost","pid":6491,"level":20,"msg":"Plugin loaded: \u001b[35mhexo-generator-index\u001b[39m","time":"2016-10-08T07:57:53.924Z","v":0}
{"name":"hexo","hostname":"localhost","pid":6491,"level":20,"msg":"Plugin loaded: \u001b[35mhexo-generator-search\u001b[39m","time":"2016-10-08T07:57:53.927Z","v":0}
{"name":"hexo","hostname":"localhost","pid":6491,"level":20,"msg":"Plugin loaded: \u001b[35mhexo-generator-tag\u001b[39m","time":"2016-10-08T07:57:53.929Z","v":0}
{"name":"hexo","hostname":"localhost","pid":6491,"level":20,"msg":"Plugin loaded: \u001b[35mhexo-renderer-ejs\u001b[39m","time":"2016-10-08T07:57:53.931Z","v":0}
{"name":"hexo","hostname":"localhost","pid":6491,"level":20,"msg":"Plugin loaded: \u001b[35mhexo-renderer-marked\u001b[39m","time":"2016-10-08T07:57:53.993Z","v":0}
{"name":"hexo","hostname":"localhost","pid":6491,"level":20,"msg":"Plugin loaded: \u001b[35mhexo-renderer-stylus\u001b[39m","time":"2016-10-08T07:57:53.994Z","v":0}
{"name":"hexo","hostname":"localhost","pid":6491,"level":20,"msg":"Plugin loaded: \u001b[35mhexo-server\u001b[39m","time":"2016-10-08T07:57:54.087Z","v":0}
{"name":"hexo","hostname":"localhost","pid":6491,"level":20,"msg":"Loading database.","time":"2016-10-08T07:57:54.096Z","v":0}
{"name":"hexo","hostname":"localhost","pid":6491,"level":30,"msg":"Start processing","time":"2016-10-08T07:57:54.182Z","v":0}
{"name":"hexo","hostname":"localhost","pid":6491,"level":20,"msg":"Processed: \u001b[35mdebug.log\u001b[39m","time":"2016-10-08T07:57:54.262Z","v":0}
{"name":"hexo","hostname":"localhost","pid":6491,"level":20,"msg":"Processed: \u001b[35m_posts/hello-world.md\u001b[39m","time":"2016-10-08T07:57:54.295Z","v":0}
{"name":"hexo","hostname":"localhost","pid":6491,"level":20,"msg":"Processed: \u001b[35mcategories/index.md\u001b[39m","time":"2016-10-08T07:57:54.295Z","v":0}
{"name":"hexo","hostname":"localhost","pid":6491,"level":20,"msg":"Processed: \u001b[35mtags/index.md\u001b[39m","time":"2016-10-08T07:57:54.296Z","v":0}
{"name":"hexo","hostname":"localhost","pid":6491,"level":20,"msg":"Processed: \u001b[35muploads/avatar.jpg\u001b[39m","time":"2016-10-08T07:57:54.296Z","v":0}
{"name":"hexo","hostname":"localhost","pid":6491,"level":20,"msg":"Processed: \u001b[35m404.html\u001b[39m","time":"2016-10-08T07:57:54.312Z","v":0}
{"name":"hexo","hostname":"localhost","pid":6491,"level":20,"msg":"Theme config loaded.","time":"2016-10-08T07:57:54.333Z","v":0}
{"name":"hexo","hostname":"localhost","pid":6491,"level":20,"msg":"Processed: \u001b[35m_config.yml\u001b[39m","time":"2016-10-08T07:57:54.335Z","v":0}
{"name":"hexo","hostname":"localhost","pid":6491,"level":20,"msg":"Processed: \u001b[35msource/css/main.styl\u001b[39m","time":"2016-10-08T07:57:54.335Z","v":0}
{"name":"hexo","hostname":"localhost","pid":6491,"level":20,"msg":"Processed: \u001b[35msource/images/avatar.gif\u001b[39m","time":"2016-10-08T07:57:54.336Z","v":0}
{"name":"hexo","hostname":"localhost","pid":6491,"level":20,"msg":"Processed: \u001b[35msource/images/cc-by-nc-nd.svg\u001b[39m","time":"2016-10-08T07:57:54.336Z","v":0}
{"name":"hexo","hostname":"localhost","pid":6491,"level":20,"msg":"Processed: \u001b[35msource/images/cc-by-nc-sa.svg\u001b[39m","time":"2016-10-08T07:57:54.336Z","v":0}
{"name":"hexo","hostname":"localhost","pid":6491,"level":20,"msg":"Processed: \u001b[35msource/images/cc-by-nc.svg\u001b[39m","time":"2016-10-08T07:57:54.337Z","v":0}
{"name":"hexo","hostname":"localhost","pid":6491,"level":20,"msg":"Processed: \u001b[35msource/images/cc-by-nd.svg\u001b[39m","time":"2016-10-08T07:57:54.337Z","v":0}
{"name":"hexo","hostname":"localhost","pid":6491,"level":20,"msg":"Processed: \u001b[35msource/images/cc-by-sa.svg\u001b[39m","time":"2016-10-08T07:57:54.338Z","v":0}
{"name":"hexo","hostname":"localhost","pid":6491,"level":20,"msg":"Processed: \u001b[35msource/images/cc-by.svg\u001b[39m","time":"2016-10-08T07:57:54.338Z","v":0}
{"name":"hexo","hostname":"localhost","pid":6491,"level":20,"msg":"Processed: \u001b[35msource/images/cc-zero.svg\u001b[39m","time":"2016-10-08T07:57:54.338Z","v":0}
{"name":"hexo","hostname":"localhost","pid":6491,"level":20,"msg":"Processed: \u001b[35msource/images/loading.gif\u001b[39m","time":"2016-10-08T07:57:54.338Z","v":0}
{"name":"hexo","hostname":"localhost","pid":6491,"level":20,"msg":"Processed: \u001b[35msource/images/placeholder.gif\u001b[39m","time":"2016-10-08T07:57:54.338Z","v":0}
{"name":"hexo","hostname":"localhost","pid":6491,"level":20,"msg":"Processed: \u001b[35msource/images/quote-l.svg\u001b[39m","time":"2016-10-08T07:57:54.338Z","v":0}
{"name":"hexo","hostname":"localhost","pid":6491,"level":20,"msg":"Processed: \u001b[35msource/images/quote-r.svg\u001b[39m","time":"2016-10-08T07:57:54.339Z","v":0}
{"name":"hexo","hostname":"localhost","pid":6491,"level":20,"msg":"Processed: \u001b[35msource/images/searchicon.png\u001b[39m","time":"2016-10-08T07:57:54.339Z","v":0}
{"name":"hexo","hostname":"localhost","pid":6491,"level":20,"msg":"Processed: \u001b[35mlayout/_layout.swig\u001b[39m","time":"2016-10-08T07:57:54.462Z","v":0}
{"name":"hexo","hostname":"localhost","pid":6491,"level":20,"msg":"Processed: \u001b[35mlayout/archive.swig\u001b[39m","time":"2016-10-08T07:57:54.462Z","v":0}
{"name":"hexo","hostname":"localhost","pid":6491,"level":20,"msg":"Processed: \u001b[35mlayout/category.swig\u001b[39m","time":"2016-10-08T07:57:54.462Z","v":0}
{"name":"hexo","hostname":"localhost","pid":6491,"level":20,"msg":"Processed: \u001b[35mlayout/index.swig\u001b[39m","time":"2016-10-08T07:57:54.463Z","v":0}
{"name":"hexo","hostname":"localhost","pid":6491,"level":20,"msg":"Processed: \u001b[35mlayout/page.swig\u001b[39m","time":"2016-10-08T07:57:54.463Z","v":0}
{"name":"hexo","hostname":"localhost","pid":6491,"level":20,"msg":"Processed: \u001b[35mlayout/post.swig\u001b[39m","time":"2016-10-08T07:57:54.463Z","v":0}
{"name":"hexo","hostname":"localhost","pid":6491,"level":20,"msg":"Processed: \u001b[35mlayout/tag.swig\u001b[39m","time":"2016-10-08T07:57:54.463Z","v":0}
{"name":"hexo","hostname":"localhost","pid":6491,"level":50,"err":{"message":"can not read a block mapping entry; a multiline key may not be an implicit key at line 4, column 1:\n    \n    ^","name":"YAMLException","stack":"YAMLException: can not read a block mapping entry; a multiline key may not be an implicit key at line 4, column 1:\n    \n    ^\n    at generateError (/Users/gaolegej/Documents/gaojian/blog/node_modules/hexo/node_modules/js-yaml/lib/js-yaml/loader.js:162:10)\n    at throwError (/Users/gaolegej/Documents/gaojian/blog/node_modules/hexo/node_modules/js-yaml/lib/js-yaml/loader.js:168:9)\n    at readBlockMapping (/Users/gaolegej/Documents/gaojian/blog/node_modules/hexo/node_modules/js-yaml/lib/js-yaml/loader.js:1040:9)\n    at composeNode (/Users/gaolegej/Documents/gaojian/blog/node_modules/hexo/node_modules/js-yaml/lib/js-yaml/loader.js:1326:12)\n    at readDocument (/Users/gaolegej/Documents/gaojian/blog/node_modules/hexo/node_modules/js-yaml/lib/js-yaml/loader.js:1488:3)\n    at loadDocuments (/Users/gaolegej/Documents/gaojian/blog/node_modules/hexo/node_modules/js-yaml/lib/js-yaml/loader.js:1544:5)\n    at Object.load (/Users/gaolegej/Documents/gaojian/blog/node_modules/hexo/node_modules/js-yaml/lib/js-yaml/loader.js:1561:19)\n    at parseYAML (/Users/gaolegej/Documents/gaojian/blog/node_modules/hexo/node_modules/hexo-front-matter/lib/front_matter.js:80:21)\n    at parse (/Users/gaolegej/Documents/gaojian/blog/node_modules/hexo/node_modules/hexo-front-matter/lib/front_matter.js:56:12)\n    at /Users/gaolegej/Documents/gaojian/blog/node_modules/hexo/lib/plugins/processor/post.js:52:18\n    at tryCatcher (/Users/gaolegej/Documents/gaojian/blog/node_modules/hexo/node_modules/bluebird/js/release/util.js:16:23)\n    at Promise._settlePromiseFromHandler (/Users/gaolegej/Documents/gaojian/blog/node_modules/hexo/node_modules/bluebird/js/release/promise.js:507:35)\n    at Promise._settlePromise (/Users/gaolegej/Documents/gaojian/blog/node_modules/hexo/node_modules/bluebird/js/release/promise.js:567:18)\n    at Promise._settlePromise0 (/Users/gaolegej/Documents/gaojian/blog/node_modules/hexo/node_modules/bluebird/js/release/promise.js:612:10)\n    at Promise._settlePromises (/Users/gaolegej/Documents/gaojian/blog/node_modules/hexo/node_modules/bluebird/js/release/promise.js:691:18)\n    at Promise._fulfill (/Users/gaolegej/Documents/gaojian/blog/node_modules/hexo/node_modules/bluebird/js/release/promise.js:636:18)\n    at PromiseArray._resolve (/Users/gaolegej/Documents/gaojian/blog/node_modules/hexo/node_modules/bluebird/js/release/promise_array.js:125:19)\n    at PromiseArray._promiseFulfilled (/Users/gaolegej/Documents/gaojian/blog/node_modules/hexo/node_modules/bluebird/js/release/promise_array.js:143:14)\n    at PromiseArray._iterate (/Users/gaolegej/Documents/gaojian/blog/node_modules/hexo/node_modules/bluebird/js/release/promise_array.js:113:31)\n    at PromiseArray.init [as _init] (/Users/gaolegej/Documents/gaojian/blog/node_modules/hexo/node_modules/bluebird/js/release/promise_array.js:77:10)\n    at Promise._settlePromise (/Users/gaolegej/Documents/gaojian/blog/node_modules/hexo/node_modules/bluebird/js/release/promise.js:564:21)\n    at Promise._settlePromise0 (/Users/gaolegej/Documents/gaojian/blog/node_modules/hexo/node_modules/bluebird/js/release/promise.js:612:10)\n    at Promise._settlePromises (/Users/gaolegej/Documents/gaojian/blog/node_modules/hexo/node_modules/bluebird/js/release/promise.js:691:18)\n    at Promise._fulfill (/Users/gaolegej/Documents/gaojian/blog/node_modules/hexo/node_modules/bluebird/js/release/promise.js:636:18)\n    at PromiseArray._resolve (/Users/gaolegej/Documents/gaojian/blog/node_modules/hexo/node_modules/bluebird/js/release/promise_array.js:125:19)\n    at PromiseArray._promiseFulfilled (/Users/gaolegej/Documents/gaojian/blog/node_modules/hexo/node_modules/bluebird/js/release/promise_array.js:143:14)\n    at Promise._settlePromise (/Users/gaolegej/Documents/gaojian/blog/node_modules/hexo/node_modules/bluebird/js/release/promise.js:572:26)\n    at Promise._settlePromise0 (/Users/gaolegej/Documents/gaojian/blog/node_modules/hexo/node_modules/bluebird/js/release/promise.js:612:10)\n    at Promise._settlePromises (/Users/gaolegej/Documents/gaojian/blog/node_modules/hexo/node_modules/bluebird/js/release/promise.js:691:18)\n    at Promise._fulfill (/Users/gaolegej/Documents/gaojian/blog/node_modules/hexo/node_modules/bluebird/js/release/promise.js:636:18)\n    at Promise._resolveCallback (/Users/gaolegej/Documents/gaojian/blog/node_modules/hexo/node_modules/bluebird/js/release/promise.js:431:57)\n    at Promise._settlePromiseFromHandler (/Users/gaolegej/Documents/gaojian/blog/node_modules/hexo/node_modules/bluebird/js/release/promise.js:522:17)\n    at Promise._settlePromise (/Users/gaolegej/Documents/gaojian/blog/node_modules/hexo/node_modules/bluebird/js/release/promise.js:567:18)\n    at Promise._settlePromise0 (/Users/gaolegej/Documents/gaojian/blog/node_modules/hexo/node_modules/bluebird/js/release/promise.js:612:10)\n    at Promise._settlePromises (/Users/gaolegej/Documents/gaojian/blog/node_modules/hexo/node_modules/bluebird/js/release/promise.js:691:18)\n    at Promise._fulfill (/Users/gaolegej/Documents/gaojian/blog/node_modules/hexo/node_modules/bluebird/js/release/promise.js:636:18)\n    at /Users/gaolegej/Documents/gaojian/blog/node_modules/hexo/node_modules/bluebird/js/release/nodeback.js:42:21\n    at /Users/gaolegej/Documents/gaojian/blog/node_modules/hexo/node_modules/hexo-fs/node_modules/graceful-fs/graceful-fs.js:78:16\n    at FSReqWrap.readFileAfterClose [as oncomplete] (fs.js:380:3)"},"msg":"Process failed: \u001b[35m_posts/搭建Hexo.md\u001b[39m","time":"2016-10-08T07:57:54.465Z","v":0}
{"name":"hexo","hostname":"localhost","pid":6491,"level":20,"msg":"Processed: \u001b[35mlanguages/default.yml\u001b[39m","time":"2016-10-08T07:57:54.468Z","v":0}
{"name":"hexo","hostname":"localhost","pid":6491,"level":20,"msg":"Processed: \u001b[35mlanguages/de.yml\u001b[39m","time":"2016-10-08T07:57:54.468Z","v":0}
{"name":"hexo","hostname":"localhost","pid":6491,"level":20,"msg":"Processed: \u001b[35mlanguages/en.yml\u001b[39m","time":"2016-10-08T07:57:54.468Z","v":0}
{"name":"hexo","hostname":"localhost","pid":6491,"level":20,"msg":"Processed: \u001b[35mlanguages/fr-FR.yml\u001b[39m","time":"2016-10-08T07:57:54.468Z","v":0}
{"name":"hexo","hostname":"localhost","pid":6491,"level":20,"msg":"Processed: \u001b[35mlanguages/id.yml\u001b[39m","time":"2016-10-08T07:57:54.468Z","v":0}
{"name":"hexo","hostname":"localhost","pid":6491,"level":20,"msg":"Processed: \u001b[35mlanguages/ja.yml\u001b[39m","time":"2016-10-08T07:57:54.469Z","v":0}
{"name":"hexo","hostname":"localhost","pid":6491,"level":20,"msg":"Processed: \u001b[35mlanguages/pt.yml\u001b[39m","time":"2016-10-08T07:57:54.470Z","v":0}
{"name":"hexo","hostname":"localhost","pid":6491,"level":20,"msg":"Processed: \u001b[35mlanguages/ru.yml\u001b[39m","time":"2016-10-08T07:57:54.470Z","v":0}
{"name":"hexo","hostname":"localhost","pid":6491,"level":20,"msg":"Processed: \u001b[35mlanguages/zh-hk.yml\u001b[39m","time":"2016-10-08T07:57:54.470Z","v":0}
{"name":"hexo","hostname":"localhost","pid":6491,"level":20,"msg":"Processed: \u001b[35mlanguages/zh-tw.yml\u001b[39m","time":"2016-10-08T07:57:54.470Z","v":0}
{"name":"hexo","hostname":"localhost","pid":6491,"level":20,"msg":"Processed: \u001b[35mlanguages/zh-Hans.yml\u001b[39m","time":"2016-10-08T07:57:54.470Z","v":0}
{"name":"hexo","hostname":"localhost","pid":6491,"level":20,"msg":"Processed: \u001b[35msource/js/src/affix.js\u001b[39m","time":"2016-10-08T07:57:54.504Z","v":0}
{"name":"hexo","hostname":"localhost","pid":6491,"level":20,"msg":"Processed: \u001b[35msource/js/src/bootstrap.js\u001b[39m","time":"2016-10-08T07:57:54.505Z","v":0}
{"name":"hexo","hostname":"localhost","pid":6491,"level":20,"msg":"Processed: \u001b[35msource/js/src/hook-duoshuo.js\u001b[39m","time":"2016-10-08T07:57:54.505Z","v":0}
{"name":"hexo","hostname":"localhost","pid":6491,"level":20,"msg":"Processed: \u001b[35msource/js/src/motion.js\u001b[39m","time":"2016-10-08T07:57:54.506Z","v":0}
{"name":"hexo","hostname":"localhost","pid":6491,"level":20,"msg":"Processed: \u001b[35msource/js/src/post-details.js\u001b[39m","time":"2016-10-08T07:57:54.506Z","v":0}
{"name":"hexo","hostname":"localhost","pid":6491,"level":20,"msg":"Processed: \u001b[35msource/js/src/scrollspy.js\u001b[39m","time":"2016-10-08T07:57:54.506Z","v":0}
{"name":"hexo","hostname":"localhost","pid":6491,"level":20,"msg":"Processed: \u001b[35msource/js/src/utils.js\u001b[39m","time":"2016-10-08T07:57:54.507Z","v":0}
{"name":"hexo","hostname":"localhost","pid":6491,"level":20,"msg":"Processed: \u001b[35msource/vendors/fastclick/LICENSE\u001b[39m","time":"2016-10-08T07:57:54.507Z","v":0}
{"name":"hexo","hostname":"localhost","pid":6491,"level":20,"msg":"Processed: \u001b[35msource/vendors/fastclick/README.md\u001b[39m","time":"2016-10-08T07:57:54.507Z","v":0}
{"name":"hexo","hostname":"localhost","pid":6491,"level":20,"msg":"Processed: \u001b[35msource/vendors/fastclick/bower.json\u001b[39m","time":"2016-10-08T07:57:54.507Z","v":0}
{"name":"hexo","hostname":"localhost","pid":6491,"level":20,"msg":"Processed: \u001b[35msource/vendors/font-awesome/HELP-US-OUT.txt\u001b[39m","time":"2016-10-08T07:57:54.507Z","v":0}
{"name":"hexo","hostname":"localhost","pid":6491,"level":20,"msg":"Processed: \u001b[35msource/vendors/font-awesome/bower.json\u001b[39m","time":"2016-10-08T07:57:54.509Z","v":0}
{"name":"hexo","hostname":"localhost","pid":6491,"level":20,"msg":"Processed: \u001b[35msource/vendors/jquery_lazyload/CONTRIBUTING.md\u001b[39m","time":"2016-10-08T07:57:54.509Z","v":0}
{"name":"hexo","hostname":"localhost","pid":6491,"level":20,"msg":"Processed: \u001b[35msource/vendors/jquery_lazyload/README.md\u001b[39m","time":"2016-10-08T07:57:54.509Z","v":0}
{"name":"hexo","hostname":"localhost","pid":6491,"level":20,"msg":"Processed: \u001b[35msource/vendors/jquery_lazyload/jquery.scrollstop.js\u001b[39m","time":"2016-10-08T07:57:54.509Z","v":0}
{"name":"hexo","hostname":"localhost","pid":6491,"level":20,"msg":"Processed: \u001b[35msource/vendors/jquery_lazyload/jquery.lazyload.js\u001b[39m","time":"2016-10-08T07:57:54.509Z","v":0}
{"name":"hexo","hostname":"localhost","pid":6491,"level":20,"msg":"Processed: \u001b[35msource/vendors/jquery_lazyload/bower.json\u001b[39m","time":"2016-10-08T07:57:54.509Z","v":0}
{"name":"hexo","hostname":"localhost","pid":6491,"level":20,"msg":"Processed: \u001b[35msource/vendors/velocity/bower.json\u001b[39m","time":"2016-10-08T07:57:54.510Z","v":0}
{"name":"hexo","hostname":"localhost","pid":6491,"level":20,"msg":"Processed: \u001b[35msource/vendors/velocity/velocity.min.js\u001b[39m","time":"2016-10-08T07:57:54.510Z","v":0}
{"name":"hexo","hostname":"localhost","pid":6491,"level":20,"msg":"Processed: \u001b[35msource/vendors/velocity/velocity.ui.min.js\u001b[39m","time":"2016-10-08T07:57:54.510Z","v":0}
{"name":"hexo","hostname":"localhost","pid":6491,"level":20,"msg":"Processed: \u001b[35msource/vendors/velocity/velocity.ui.js\u001b[39m","time":"2016-10-08T07:57:54.510Z","v":0}
{"name":"hexo","hostname":"localhost","pid":6491,"level":20,"msg":"Processed: \u001b[35mlayout/_macro/post-collapse.swig\u001b[39m","time":"2016-10-08T07:57:54.553Z","v":0}
{"name":"hexo","hostname":"localhost","pid":6491,"level":20,"msg":"Processed: \u001b[35mlayout/_macro/post.swig\u001b[39m","time":"2016-10-08T07:57:54.553Z","v":0}
{"name":"hexo","hostname":"localhost","pid":6491,"level":20,"msg":"Processed: \u001b[35mlayout/_macro/sidebar.swig\u001b[39m","time":"2016-10-08T07:57:54.553Z","v":0}
{"name":"hexo","hostname":"localhost","pid":6491,"level":20,"msg":"Processed: \u001b[35mlayout/_macro/reward.swig\u001b[39m","time":"2016-10-08T07:57:54.553Z","v":0}
{"name":"hexo","hostname":"localhost","pid":6491,"level":20,"msg":"Processed: \u001b[35mlayout/_macro/wechat-subscriber.swig\u001b[39m","time":"2016-10-08T07:57:54.553Z","v":0}
{"name":"hexo","hostname":"localhost","pid":6491,"level":20,"msg":"Processed: \u001b[35mlayout/_partials/duoshuo-hot-articles.swig\u001b[39m","time":"2016-10-08T07:57:54.553Z","v":0}
{"name":"hexo","hostname":"localhost","pid":6491,"level":20,"msg":"Processed: \u001b[35mlayout/_partials/comments.swig\u001b[39m","time":"2016-10-08T07:57:54.553Z","v":0}
{"name":"hexo","hostname":"localhost","pid":6491,"level":20,"msg":"Processed: \u001b[35mlayout/_partials/footer.swig\u001b[39m","time":"2016-10-08T07:57:54.553Z","v":0}
{"name":"hexo","hostname":"localhost","pid":6491,"level":20,"msg":"Processed: \u001b[35mlayout/_partials/head.swig\u001b[39m","time":"2016-10-08T07:57:54.553Z","v":0}
{"name":"hexo","hostname":"localhost","pid":6491,"level":20,"msg":"Processed: \u001b[35mlayout/_partials/pagination.swig\u001b[39m","time":"2016-10-08T07:57:54.553Z","v":0}
{"name":"hexo","hostname":"localhost","pid":6491,"level":20,"msg":"Processed: \u001b[35mlayout/_partials/header.swig\u001b[39m","time":"2016-10-08T07:57:54.553Z","v":0}
{"name":"hexo","hostname":"localhost","pid":6491,"level":20,"msg":"Processed: \u001b[35mlayout/_scripts/baidu-push.swig\u001b[39m","time":"2016-10-08T07:57:54.554Z","v":0}
{"name":"hexo","hostname":"localhost","pid":6491,"level":20,"msg":"Processed: \u001b[35mlayout/_scripts/boostrap.swig\u001b[39m","time":"2016-10-08T07:57:54.554Z","v":0}
{"name":"hexo","hostname":"localhost","pid":6491,"level":20,"msg":"Processed: \u001b[35mlayout/_partials/search.swig\u001b[39m","time":"2016-10-08T07:57:54.554Z","v":0}
{"name":"hexo","hostname":"localhost","pid":6491,"level":20,"msg":"Processed: \u001b[35mlayout/_scripts/commons.swig\u001b[39m","time":"2016-10-08T07:57:54.554Z","v":0}
{"name":"hexo","hostname":"localhost","pid":6491,"level":20,"msg":"Processed: \u001b[35mlayout/_scripts/vendors.swig\u001b[39m","time":"2016-10-08T07:57:54.554Z","v":0}
{"name":"hexo","hostname":"localhost","pid":6491,"level":20,"msg":"Processed: \u001b[35msource/vendors/jquery/index.js\u001b[39m","time":"2016-10-08T07:57:54.556Z","v":0}
{"name":"hexo","hostname":"localhost","pid":6491,"level":20,"msg":"Processed: \u001b[35mlayout/_scripts/schemes/mist.swig\u001b[39m","time":"2016-10-08T07:57:54.562Z","v":0}
{"name":"hexo","hostname":"localhost","pid":6491,"level":20,"msg":"Processed: \u001b[35mlayout/_scripts/schemes/muse.swig\u001b[39m","time":"2016-10-08T07:57:54.562Z","v":0}
{"name":"hexo","hostname":"localhost","pid":6491,"level":20,"msg":"Processed: \u001b[35msource/js/src/schemes/pisces.js\u001b[39m","time":"2016-10-08T07:57:54.564Z","v":0}
{"name":"hexo","hostname":"localhost","pid":6491,"level":20,"msg":"Processed: \u001b[35msource/vendors/fancybox/source/blank.gif\u001b[39m","time":"2016-10-08T07:57:54.564Z","v":0}
{"name":"hexo","hostname":"localhost","pid":6491,"level":20,"msg":"Processed: \u001b[35msource/vendors/fancybox/source/fancybox_loading.gif\u001b[39m","time":"2016-10-08T07:57:54.564Z","v":0}
{"name":"hexo","hostname":"localhost","pid":6491,"level":20,"msg":"Processed: \u001b[35msource/vendors/fancybox/source/fancybox_loading@2x.gif\u001b[39m","time":"2016-10-08T07:57:54.565Z","v":0}
{"name":"hexo","hostname":"localhost","pid":6491,"level":20,"msg":"Processed: \u001b[35msource/vendors/fancybox/source/fancybox_overlay.png\u001b[39m","time":"2016-10-08T07:57:54.565Z","v":0}
{"name":"hexo","hostname":"localhost","pid":6491,"level":20,"msg":"Processed: \u001b[35msource/vendors/fancybox/source/fancybox_sprite.png\u001b[39m","time":"2016-10-08T07:57:54.565Z","v":0}
{"name":"hexo","hostname":"localhost","pid":6491,"level":20,"msg":"Processed: \u001b[35msource/vendors/fancybox/source/fancybox_sprite@2x.png\u001b[39m","time":"2016-10-08T07:57:54.565Z","v":0}
{"name":"hexo","hostname":"localhost","pid":6491,"level":20,"msg":"Processed: \u001b[35msource/vendors/fancybox/source/jquery.fancybox.js\u001b[39m","time":"2016-10-08T07:57:54.565Z","v":0}
{"name":"hexo","hostname":"localhost","pid":6491,"level":20,"msg":"Processed: \u001b[35msource/vendors/fancybox/source/jquery.fancybox.css\u001b[39m","time":"2016-10-08T07:57:54.565Z","v":0}
{"name":"hexo","hostname":"localhost","pid":6491,"level":20,"msg":"Processed: \u001b[35msource/vendors/fancybox/source/jquery.fancybox.pack.js\u001b[39m","time":"2016-10-08T07:57:54.566Z","v":0}
{"name":"hexo","hostname":"localhost","pid":6491,"level":20,"msg":"Processed: \u001b[35msource/vendors/fastclick/lib/fastclick.js\u001b[39m","time":"2016-10-08T07:57:54.566Z","v":0}
{"name":"hexo","hostname":"localhost","pid":6491,"level":20,"msg":"Processed: \u001b[35msource/vendors/fastclick/lib/fastclick.min.js\u001b[39m","time":"2016-10-08T07:57:54.566Z","v":0}
{"name":"hexo","hostname":"localhost","pid":6491,"level":20,"msg":"Processed: \u001b[35msource/vendors/font-awesome/css/font-awesome.css.map\u001b[39m","time":"2016-10-08T07:57:54.566Z","v":0}
{"name":"hexo","hostname":"localhost","pid":6491,"level":20,"msg":"Processed: \u001b[35msource/vendors/font-awesome/css/font-awesome.css\u001b[39m","time":"2016-10-08T07:57:54.566Z","v":0}
{"name":"hexo","hostname":"localhost","pid":6491,"level":20,"msg":"Processed: \u001b[35msource/vendors/font-awesome/css/font-awesome.min.css\u001b[39m","time":"2016-10-08T07:57:54.566Z","v":0}
{"name":"hexo","hostname":"localhost","pid":6491,"level":20,"msg":"Processed: \u001b[35msource/vendors/font-awesome/fonts/fontawesome-webfont.woff2\u001b[39m","time":"2016-10-08T07:57:54.566Z","v":0}
{"name":"hexo","hostname":"localhost","pid":6491,"level":20,"msg":"Processed: \u001b[35msource/vendors/ua-parser-js/dist/ua-parser.min.js\u001b[39m","time":"2016-10-08T07:57:54.567Z","v":0}
{"name":"hexo","hostname":"localhost","pid":6491,"level":20,"msg":"Processed: \u001b[35msource/vendors/ua-parser-js/dist/ua-parser.pack.js\u001b[39m","time":"2016-10-08T07:57:54.567Z","v":0}
{"name":"hexo","hostname":"localhost","pid":6491,"level":20,"msg":"Processed: \u001b[35mlayout/_partials/head/external-fonts.swig\u001b[39m","time":"2016-10-08T07:57:54.580Z","v":0}
{"name":"hexo","hostname":"localhost","pid":6491,"level":20,"msg":"Processed: \u001b[35mlayout/_partials/search/localsearch.swig\u001b[39m","time":"2016-10-08T07:57:54.580Z","v":0}
{"name":"hexo","hostname":"localhost","pid":6491,"level":20,"msg":"Processed: \u001b[35mlayout/_partials/search/tinysou.swig\u001b[39m","time":"2016-10-08T07:57:54.580Z","v":0}
{"name":"hexo","hostname":"localhost","pid":6491,"level":20,"msg":"Processed: \u001b[35mlayout/_partials/share/add-this.swig\u001b[39m","time":"2016-10-08T07:57:54.580Z","v":0}
{"name":"hexo","hostname":"localhost","pid":6491,"level":20,"msg":"Processed: \u001b[35mlayout/_partials/search/swiftype.swig\u001b[39m","time":"2016-10-08T07:57:54.580Z","v":0}
{"name":"hexo","hostname":"localhost","pid":6491,"level":20,"msg":"Processed: \u001b[35mlayout/_partials/share/baidushare.swig\u001b[39m","time":"2016-10-08T07:57:54.580Z","v":0}
{"name":"hexo","hostname":"localhost","pid":6491,"level":20,"msg":"Processed: \u001b[35mlayout/_partials/share/jiathis.swig\u001b[39m","time":"2016-10-08T07:57:54.580Z","v":0}
{"name":"hexo","hostname":"localhost","pid":6491,"level":20,"msg":"Processed: \u001b[35mlayout/_scripts/pages/post-details.swig\u001b[39m","time":"2016-10-08T07:57:54.580Z","v":0}
{"name":"hexo","hostname":"localhost","pid":6491,"level":20,"msg":"Processed: \u001b[35mlayout/_partials/share/duoshuo_share.swig\u001b[39m","time":"2016-10-08T07:57:54.580Z","v":0}
{"name":"hexo","hostname":"localhost","pid":6491,"level":20,"msg":"Processed: \u001b[35mlayout/_scripts/schemes/pisces.swig\u001b[39m","time":"2016-10-08T07:57:54.580Z","v":0}
{"name":"hexo","hostname":"localhost","pid":6491,"level":20,"msg":"Processed: \u001b[35mlayout/_scripts/third-party/analytics.swig\u001b[39m","time":"2016-10-08T07:57:54.580Z","v":0}
{"name":"hexo","hostname":"localhost","pid":6491,"level":20,"msg":"Processed: \u001b[35mlayout/_scripts/third-party/comments.swig\u001b[39m","time":"2016-10-08T07:57:54.581Z","v":0}
{"name":"hexo","hostname":"localhost","pid":6491,"level":20,"msg":"Processed: \u001b[35mlayout/_scripts/third-party/lean-analytics.swig\u001b[39m","time":"2016-10-08T07:57:54.581Z","v":0}
{"name":"hexo","hostname":"localhost","pid":6491,"level":20,"msg":"Processed: \u001b[35mlayout/_scripts/third-party/localsearch.swig\u001b[39m","time":"2016-10-08T07:57:54.581Z","v":0}
{"name":"hexo","hostname":"localhost","pid":6491,"level":20,"msg":"Processed: \u001b[35mlayout/_scripts/third-party/tinysou.swig\u001b[39m","time":"2016-10-08T07:57:54.581Z","v":0}
{"name":"hexo","hostname":"localhost","pid":6491,"level":20,"msg":"Processed: \u001b[35mlayout/_scripts/third-party/mathjax.swig\u001b[39m","time":"2016-10-08T07:57:54.581Z","v":0}
{"name":"hexo","hostname":"localhost","pid":6491,"level":20,"msg":"Processed: \u001b[35msource/vendors/font-awesome/fonts/FontAwesome.otf\u001b[39m","time":"2016-10-08T07:57:54.585Z","v":0}
{"name":"hexo","hostname":"localhost","pid":6491,"level":20,"msg":"Processed: \u001b[35msource/vendors/font-awesome/fonts/fontawesome-webfont.eot\u001b[39m","time":"2016-10-08T07:57:54.585Z","v":0}
{"name":"hexo","hostname":"localhost","pid":6491,"level":20,"msg":"Processed: \u001b[35msource/vendors/font-awesome/fonts/fontawesome-webfont.woff\u001b[39m","time":"2016-10-08T07:57:54.585Z","v":0}
{"name":"hexo","hostname":"localhost","pid":6491,"level":20,"msg":"Processed: \u001b[35msource/vendors/velocity/velocity.js\u001b[39m","time":"2016-10-08T07:57:54.585Z","v":0}
{"name":"hexo","hostname":"localhost","pid":6491,"level":20,"msg":"Processed: \u001b[35msource/vendors/fancybox/source/helpers/fancybox_buttons.png\u001b[39m","time":"2016-10-08T07:57:54.594Z","v":0}
{"name":"hexo","hostname":"localhost","pid":6491,"level":20,"msg":"Processed: \u001b[35msource/vendors/fancybox/source/helpers/jquery.fancybox-buttons.css\u001b[39m","time":"2016-10-08T07:57:54.595Z","v":0}
{"name":"hexo","hostname":"localhost","pid":6491,"level":20,"msg":"Processed: \u001b[35msource/vendors/fancybox/source/helpers/jquery.fancybox-buttons.js\u001b[39m","time":"2016-10-08T07:57:54.595Z","v":0}
{"name":"hexo","hostname":"localhost","pid":6491,"level":20,"msg":"Processed: \u001b[35msource/vendors/fancybox/source/helpers/jquery.fancybox-media.js\u001b[39m","time":"2016-10-08T07:57:54.596Z","v":0}
{"name":"hexo","hostname":"localhost","pid":6491,"level":20,"msg":"Processed: \u001b[35msource/vendors/fancybox/source/helpers/jquery.fancybox-thumbs.js\u001b[39m","time":"2016-10-08T07:57:54.596Z","v":0}
{"name":"hexo","hostname":"localhost","pid":6491,"level":20,"msg":"Processed: \u001b[35msource/vendors/fancybox/source/helpers/jquery.fancybox-thumbs.css\u001b[39m","time":"2016-10-08T07:57:54.596Z","v":0}
{"name":"hexo","hostname":"localhost","pid":6491,"level":20,"msg":"Processed: \u001b[35msource/vendors/font-awesome/fonts/fontawesome-webfont.ttf\u001b[39m","time":"2016-10-08T07:57:54.596Z","v":0}
{"name":"hexo","hostname":"localhost","pid":6491,"level":20,"msg":"Processed: \u001b[35mlayout/_scripts/third-party/analytics/baidu-analytics.swig\u001b[39m","time":"2016-10-08T07:57:54.611Z","v":0}
{"name":"hexo","hostname":"localhost","pid":6491,"level":20,"msg":"Processed: \u001b[35mlayout/_scripts/third-party/analytics/cnzz-analytics.swig\u001b[39m","time":"2016-10-08T07:57:54.611Z","v":0}
{"name":"hexo","hostname":"localhost","pid":6491,"level":20,"msg":"Processed: \u001b[35mlayout/_scripts/third-party/analytics/busuanzi-counter.swig\u001b[39m","time":"2016-10-08T07:57:54.611Z","v":0}
{"name":"hexo","hostname":"localhost","pid":6491,"level":20,"msg":"Processed: \u001b[35mlayout/_scripts/third-party/analytics/facebook-sdk.swig\u001b[39m","time":"2016-10-08T07:57:54.611Z","v":0}
{"name":"hexo","hostname":"localhost","pid":6491,"level":20,"msg":"Processed: \u001b[35mlayout/_scripts/third-party/analytics/google-analytics.swig\u001b[39m","time":"2016-10-08T07:57:54.611Z","v":0}
{"name":"hexo","hostname":"localhost","pid":6491,"level":20,"msg":"Processed: \u001b[35mlayout/_scripts/third-party/analytics/tencent-analytics.swig\u001b[39m","time":"2016-10-08T07:57:54.611Z","v":0}
{"name":"hexo","hostname":"localhost","pid":6491,"level":20,"msg":"Processed: \u001b[35mlayout/_scripts/third-party/comments/disqus.swig\u001b[39m","time":"2016-10-08T07:57:54.611Z","v":0}
{"name":"hexo","hostname":"localhost","pid":6491,"level":20,"msg":"Processed: \u001b[35mlayout/_scripts/third-party/comments/duoshuo.swig\u001b[39m","time":"2016-10-08T07:57:54.611Z","v":0}
{"name":"hexo","hostname":"localhost","pid":6491,"level":20,"msg":"Processed: \u001b[35msource/vendors/font-awesome/fonts/fontawesome-webfont.svg\u001b[39m","time":"2016-10-08T07:57:54.630Z","v":0}
{"name":"hexo","hostname":"localhost","pid":6491,"level":20,"msg":"Generator: \u001b[35mpage\u001b[39m","time":"2016-10-08T07:57:55.485Z","v":0}
{"name":"hexo","hostname":"localhost","pid":6491,"level":20,"msg":"Generator: \u001b[35mpost\u001b[39m","time":"2016-10-08T07:57:55.486Z","v":0}
{"name":"hexo","hostname":"localhost","pid":6491,"level":20,"msg":"Generator: \u001b[35marchive\u001b[39m","time":"2016-10-08T07:57:55.486Z","v":0}
{"name":"hexo","hostname":"localhost","pid":6491,"level":20,"msg":"Generator: \u001b[35mcategory\u001b[39m","time":"2016-10-08T07:57:55.486Z","v":0}
{"name":"hexo","hostname":"localhost","pid":6491,"level":20,"msg":"Generator: \u001b[35mfeed\u001b[39m","time":"2016-10-08T07:57:55.486Z","v":0}
{"name":"hexo","hostname":"localhost","pid":6491,"level":20,"msg":"Generator: \u001b[35mindex\u001b[39m","time":"2016-10-08T07:57:55.486Z","v":0}
{"name":"hexo","hostname":"localhost","pid":6491,"level":20,"msg":"Generator: \u001b[35msearch\u001b[39m","time":"2016-10-08T07:57:55.486Z","v":0}
{"name":"hexo","hostname":"localhost","pid":6491,"level":20,"msg":"Generator: \u001b[35mtag\u001b[39m","time":"2016-10-08T07:57:55.486Z","v":0}
{"name":"hexo","hostname":"localhost","pid":6491,"level":20,"msg":"Generator: \u001b[35masset\u001b[39m","time":"2016-10-08T07:57:55.487Z","v":0}
{"name":"hexo","hostname":"localhost","pid":6491,"level":30,"msg":"Hexo is running at \u001b[4mhttp://localhost:4000/\u001b[24m. Press Ctrl+C to stop.","time":"2016-10-08T07:57:55.494Z","v":0}
{"name":"hexo","hostname":"localhost","pid":6491,"level":20,"msg":"Database saved","time":"2016-10-08T07:57:55.519Z","v":0}
{"name":"hexo","hostname":"localhost","pid":6491,"level":20,"msg":"Rendering index: \u001b[35mindex.html\u001b[39m","time":"2016-10-08T07:57:57.307Z","v":0}
{"name":"hexo","hostname":"localhost","pid":6491,"level":30,"msg":"Have a nice day","time":"2016-10-08T07:58:03.099Z","v":0}
{"name":"hexo","hostname":"localhost","pid":6491,"level":20,"msg":"Database saved","time":"2016-10-08T07:58:03.124Z","v":0}
